<?xml version="1.0" encoding="UTF-8"?>
<coverage generated="1761529451638" clover="3.2.0">
  <project timestamp="1761529451638" name="All files">
    <metrics statements="93" coveredstatements="67" conditionals="51" coveredconditionals="35" methods="41" coveredmethods="26" elements="185" coveredelements="128" complexity="0" loc="93" ncloc="93" packages="2" files="2" classes="2"/>
    <package name="admin">
      <metrics statements="33" coveredstatements="31" conditionals="12" coveredconditionals="9" methods="16" coveredmethods="15"/>
      <file name="Tiendas.jsx" path="C:\Users\raul_\Desktop\Universidad\4.- Cuarto Semestre 2025\2.- Desarrollo FULLSTACK II\Proyectos\VillaMarkets\src\pages\admin\Tiendas.jsx">
        <metrics statements="33" coveredstatements="31" conditionals="12" coveredconditionals="9" methods="16" coveredmethods="15"/>
        <line num="1" count="1" type="stmt"/>
        <line num="5" count="1" type="stmt"/>
        <line num="8" count="5" type="stmt"/>
        <line num="9" count="5" type="stmt"/>
        <line num="10" count="5" type="cond" truecount="1" falsecount="1"/>
        <line num="12" count="0" type="stmt"/>
        <line num="17" count="2" type="stmt"/>
        <line num="18" count="2" type="stmt"/>
        <line num="22" count="7" type="stmt"/>
        <line num="23" count="7" type="stmt"/>
        <line num="24" count="7" type="stmt"/>
        <line num="26" count="7" type="stmt"/>
        <line num="28" count="2" type="stmt"/>
        <line num="30" count="3" type="stmt"/>
        <line num="31" count="3" type="stmt"/>
        <line num="35" count="1" type="cond" truecount="2" falsecount="0"/>
        <line num="36" count="1" type="cond" truecount="1" falsecount="1"/>
        <line num="37" count="1" type="stmt"/>
        <line num="38" count="1" type="stmt"/>
        <line num="39" count="1" type="stmt"/>
        <line num="40" count="1" type="stmt"/>
        <line num="41" count="1" type="stmt"/>
        <line num="42" count="1" type="stmt"/>
        <line num="46" count="1" type="stmt"/>
        <line num="47" count="1" type="stmt"/>
        <line num="48" count="1" type="stmt"/>
        <line num="53" count="7" type="stmt"/>
        <line num="83" count="1" type="stmt"/>
        <line num="93" count="1" type="stmt"/>
        <line num="104" count="0" type="stmt"/>
        <line num="131" count="2" type="stmt"/>
        <line num="148" count="1" type="cond" truecount="1" falsecount="1"/>
        <line num="149" count="1" type="stmt"/>
      </file>
    </package>
    <package name="cliente">
      <metrics statements="60" coveredstatements="36" conditionals="39" coveredconditionals="26" methods="25" coveredmethods="11"/>
      <file name="Producto.jsx" path="C:\Users\raul_\Desktop\Universidad\4.- Cuarto Semestre 2025\2.- Desarrollo FULLSTACK II\Proyectos\VillaMarkets\src\pages\cliente\Producto.jsx">
        <metrics statements="60" coveredstatements="36" conditionals="39" coveredconditionals="26" methods="25" coveredmethods="11"/>
        <line num="3" count="1" type="stmt"/>
        <line num="16" count="1" type="stmt"/>
        <line num="23" count="1" type="stmt"/>
        <line num="24" count="5" type="stmt"/>
        <line num="25" count="5" type="stmt"/>
        <line num="26" count="5" type="stmt"/>
        <line num="27" count="5" type="stmt"/>
        <line num="28" count="5" type="stmt"/>
        <line num="29" count="5" type="stmt"/>
        <line num="31" count="5" type="stmt"/>
        <line num="33" count="2" type="stmt"/>
        <line num="34" count="2" type="cond" truecount="4" falsecount="0"/>
        <line num="36" count="1" type="stmt"/>
        <line num="37" count="1" type="cond" truecount="1" falsecount="1"/>
        <line num="38" count="0" type="stmt"/>
        <line num="48" count="0" type="stmt"/>
        <line num="50" count="1" type="stmt"/>
        <line num="52" count="1" type="stmt"/>
        <line num="177" count="5" type="stmt"/>
        <line num="178" count="0" type="stmt"/>
        <line num="179" count="0" type="stmt"/>
        <line num="181" count="0" type="cond" truecount="0" falsecount="2"/>
        <line num="182" count="0" type="stmt"/>
        <line num="183" count="0" type="cond" truecount="0" falsecount="2"/>
        <line num="189" count="0" type="stmt"/>
        <line num="201" count="0" type="stmt"/>
        <line num="202" count="0" type="stmt"/>
        <line num="206" count="5" type="stmt"/>
        <line num="211" count="5" type="stmt"/>
        <line num="212" count="5" type="stmt"/>
        <line num="213" count="5" type="cond" truecount="1" falsecount="1"/>
        <line num="214" count="0" type="stmt"/>
        <line num="216" count="5" type="cond" truecount="1" falsecount="1"/>
        <line num="217" count="0" type="stmt"/>
        <line num="219" count="5" type="cond" truecount="2" falsecount="0"/>
        <line num="220" count="1" type="stmt"/>
        <line num="221" count="1" type="stmt"/>
        <line num="222" count="12" type="cond" truecount="5" falsecount="0"/>
        <line num="228" count="5" type="cond" truecount="1" falsecount="4"/>
        <line num="230" count="30" type="stmt"/>
        <line num="231" count="5" type="stmt"/>
        <line num="233" count="0" type="stmt"/>
        <line num="234" count="0" type="stmt"/>
        <line num="236" count="0" type="stmt"/>
        <line num="237" count="0" type="stmt"/>
        <line num="239" count="0" type="stmt"/>
        <line num="240" count="0" type="stmt"/>
        <line num="242" count="0" type="stmt"/>
        <line num="244" count="5" type="stmt"/>
        <line num="247" count="5" type="stmt"/>
        <line num="249" count="5" type="stmt"/>
        <line num="257" count="0" type="stmt"/>
        <line num="259" count="50" type="stmt"/>
        <line num="265" count="0" type="stmt"/>
        <line num="267" count="20" type="stmt"/>
        <line num="273" count="0" type="stmt"/>
        <line num="280" count="1" type="stmt"/>
        <line num="295" count="13" type="stmt"/>
        <line num="304" count="0" type="stmt"/>
        <line num="317" count="0" type="stmt"/>
      </file>
    </package>
  </project>
</coverage>
