{"C:\\Users\\raul_\\Desktop\\Universidad\\4.- Cuarto Semestre 2025\\2.- Desarrollo FULLSTACK II\\Proyectos\\VillaMarkets\\src\\pages\\admin\\Tiendas.jsx": {"path":"C:\\Users\\raul_\\Desktop\\Universidad\\4.- Cuarto Semestre 2025\\2.- Desarrollo FULLSTACK II\\Proyectos\\VillaMarkets\\src\\pages\\admin\\Tiendas.jsx","statementMap":{"0":{"start":{"line":1,"column":0},"end":{"line":1,"column":17}},"1":{"start":{"line":5,"column":20},"end":{"line":5,"column":31}},"2":{"start":{"line":8,"column":1},"end":{"line":13,"column":2}},"3":{"start":{"line":9,"column":14},"end":{"line":9,"column":47}},"4":{"start":{"line":10,"column":2},"end":{"line":10,"column":35}},"5":{"start":{"line":12,"column":2},"end":{"line":12,"column":11}},"6":{"start":{"line":17,"column":1},"end":{"line":17,"column":58}},"7":{"start":{"line":18,"column":1},"end":{"line":18,"column":59}},"8":{"start":{"line":22,"column":29},"end":{"line":22,"column":57}},"9":{"start":{"line":22,"column":44},"end":{"line":22,"column":56}},"10":{"start":{"line":23,"column":25},"end":{"line":23,"column":37}},"11":{"start":{"line":24,"column":31},"end":{"line":24,"column":43}},"12":{"start":{"line":26,"column":1},"end":{"line":32,"column":7}},"13":{"start":{"line":28,"column":3},"end":{"line":28,"column":26}},"14":{"start":{"line":30,"column":2},"end":{"line":30,"column":56}},"15":{"start":{"line":31,"column":2},"end":{"line":31,"column":72}},"16":{"start":{"line":31,"column":15},"end":{"line":31,"column":72}},"17":{"start":{"line":35,"column":2},"end":{"line":35,"column":25}},"18":{"start":{"line":36,"column":2},"end":{"line":36,"column":26}},"19":{"start":{"line":36,"column":20},"end":{"line":36,"column":26}},"20":{"start":{"line":37,"column":19},"end":{"line":37,"column":81}},"21":{"start":{"line":38,"column":15},"end":{"line":38,"column":36}},"22":{"start":{"line":39,"column":2},"end":{"line":39,"column":17}},"23":{"start":{"line":40,"column":2},"end":{"line":40,"column":19}},"24":{"start":{"line":41,"column":2},"end":{"line":41,"column":13}},"25":{"start":{"line":42,"column":2},"end":{"line":42,"column":16}},"26":{"start":{"line":46,"column":15},"end":{"line":46,"column":46}},"27":{"start":{"line":46,"column":34},"end":{"line":46,"column":45}},"28":{"start":{"line":47,"column":2},"end":{"line":47,"column":17}},"29":{"start":{"line":48,"column":2},"end":{"line":48,"column":19}},"30":{"start":{"line":53,"column":1},"end":{"line":165,"column":2}},"31":{"start":{"line":83,"column":24},"end":{"line":83,"column":47}},"32":{"start":{"line":93,"column":24},"end":{"line":93,"column":50}},"33":{"start":{"line":104,"column":26},"end":{"line":104,"column":38}},"34":{"start":{"line":104,"column":39},"end":{"line":104,"column":53}},"35":{"start":{"line":131,"column":9},"end":{"line":157,"column":15}},"36":{"start":{"line":148,"column":12},"end":{"line":150,"column":13}},"37":{"start":{"line":149,"column":13},"end":{"line":149,"column":30}}},"fnMap":{"0":{"name":"(anonymous_0)","decl":{"start":{"line":1,"column":1},"end":{"line":1,"column":2}},"loc":{"start":{"line":1,"column":11},"end":{"line":1,"column":13}},"line":1},"1":{"name":"readStores","decl":{"start":{"line":7,"column":9},"end":{"line":7,"column":19}},"loc":{"start":{"line":7,"column":22},"end":{"line":14,"column":1}},"line":7},"2":{"name":"writeStores","decl":{"start":{"line":16,"column":9},"end":{"line":16,"column":20}},"loc":{"start":{"line":16,"column":29},"end":{"line":19,"column":1}},"line":16},"3":{"name":"Tiendas","decl":{"start":{"line":21,"column":24},"end":{"line":21,"column":31}},"loc":{"start":{"line":21,"column":34},"end":{"line":166,"column":1}},"line":21},"4":{"name":"(anonymous_4)","decl":{"start":{"line":22,"column":38},"end":{"line":22,"column":39}},"loc":{"start":{"line":22,"column":44},"end":{"line":22,"column":56}},"line":22},"5":{"name":"(anonymous_5)","decl":{"start":{"line":26,"column":11},"end":{"line":26,"column":12}},"loc":{"start":{"line":26,"column":17},"end":{"line":32,"column":2}},"line":26},"6":{"name":"onUpdate","decl":{"start":{"line":27,"column":11},"end":{"line":27,"column":19}},"loc":{"start":{"line":27,"column":22},"end":{"line":29,"column":3}},"line":27},"7":{"name":"(anonymous_7)","decl":{"start":{"line":31,"column":9},"end":{"line":31,"column":10}},"loc":{"start":{"line":31,"column":15},"end":{"line":31,"column":72}},"line":31},"8":{"name":"addStore","decl":{"start":{"line":34,"column":10},"end":{"line":34,"column":18}},"loc":{"start":{"line":34,"column":22},"end":{"line":43,"column":2}},"line":34},"9":{"name":"removeStore","decl":{"start":{"line":45,"column":10},"end":{"line":45,"column":21}},"loc":{"start":{"line":45,"column":26},"end":{"line":49,"column":2}},"line":45},"10":{"name":"(anonymous_10)","decl":{"start":{"line":46,"column":29},"end":{"line":46,"column":30}},"loc":{"start":{"line":46,"column":34},"end":{"line":46,"column":45}},"line":46},"11":{"name":"(anonymous_11)","decl":{"start":{"line":83,"column":19},"end":{"line":83,"column":20}},"loc":{"start":{"line":83,"column":24},"end":{"line":83,"column":47}},"line":83},"12":{"name":"(anonymous_12)","decl":{"start":{"line":93,"column":19},"end":{"line":93,"column":20}},"loc":{"start":{"line":93,"column":24},"end":{"line":93,"column":50}},"line":93},"13":{"name":"(anonymous_13)","decl":{"start":{"line":104,"column":18},"end":{"line":104,"column":19}},"loc":{"start":{"line":104,"column":24},"end":{"line":104,"column":55}},"line":104},"14":{"name":"(anonymous_14)","decl":{"start":{"line":130,"column":20},"end":{"line":130,"column":21}},"loc":{"start":{"line":131,"column":9},"end":{"line":157,"column":15}},"line":131},"15":{"name":"(anonymous_15)","decl":{"start":{"line":147,"column":20},"end":{"line":147,"column":21}},"loc":{"start":{"line":147,"column":26},"end":{"line":151,"column":12}},"line":147}},"branchMap":{"0":{"loc":{"start":{"line":10,"column":9},"end":{"line":10,"column":35}},"type":"cond-expr","locations":[{"start":{"line":10,"column":15},"end":{"line":10,"column":30}},{"start":{"line":10,"column":33},"end":{"line":10,"column":35}}],"line":10},"1":{"loc":{"start":{"line":35,"column":2},"end":{"line":35,"column":25}},"type":"binary-expr","locations":[{"start":{"line":35,"column":2},"end":{"line":35,"column":3}},{"start":{"line":35,"column":7},"end":{"line":35,"column":25}}],"line":35},"2":{"loc":{"start":{"line":36,"column":2},"end":{"line":36,"column":26}},"type":"if","locations":[{"start":{"line":36,"column":2},"end":{"line":36,"column":26}},{"start":{},"end":{}}],"line":36},"3":{"loc":{"start":{"line":122,"column":7},"end":{"line":160,"column":7}},"type":"cond-expr","locations":[{"start":{"line":123,"column":7},"end":{"line":127,"column":13}},{"start":{"line":129,"column":7},"end":{"line":159,"column":13}}],"line":122},"4":{"loc":{"start":{"line":138,"column":13},"end":{"line":143,"column":13}},"type":"binary-expr","locations":[{"start":{"line":138,"column":13},"end":{"line":138,"column":22}},{"start":{"line":139,"column":13},"end":{"line":142,"column":19}}],"line":138},"5":{"loc":{"start":{"line":148,"column":12},"end":{"line":150,"column":13}},"type":"if","locations":[{"start":{"line":148,"column":12},"end":{"line":150,"column":13}},{"start":{},"end":{}}],"line":148}},"s":{"0":1,"1":1,"2":5,"3":5,"4":5,"5":0,"6":2,"7":2,"8":7,"9":3,"10":7,"11":7,"12":7,"13":2,"14":3,"15":3,"16":3,"17":1,"18":1,"19":0,"20":1,"21":1,"22":1,"23":1,"24":1,"25":1,"26":1,"27":1,"28":1,"29":1,"30":7,"31":1,"32":1,"33":0,"34":0,"35":2,"36":1,"37":1},"f":{"0":1,"1":5,"2":2,"3":7,"4":3,"5":3,"6":2,"7":3,"8":1,"9":1,"10":1,"11":1,"12":1,"13":0,"14":2,"15":1},"b":{"0":[5,0],"1":[1,1],"2":[0,1],"3":[5,2],"4":[2,2],"5":[1,0]},"_coverageSchema":"1a1c01bbd47fc00a2c39e90264f33305004495a9","hash":"45286e4224cf790383c99d904e6d5eb60c1bc7bb"}
,"C:\\Users\\raul_\\Desktop\\Universidad\\4.- Cuarto Semestre 2025\\2.- Desarrollo FULLSTACK II\\Proyectos\\VillaMarkets\\src\\pages\\cliente\\Producto.jsx": {"path":"C:\\Users\\raul_\\Desktop\\Universidad\\4.- Cuarto Semestre 2025\\2.- Desarrollo FULLSTACK II\\Proyectos\\VillaMarkets\\src\\pages\\cliente\\Producto.jsx","statementMap":{"0":{"start":{"line":3,"column":19},"end":{"line":14,"column":1}},"1":{"start":{"line":16,"column":16},"end":{"line":21,"column":1}},"2":{"start":{"line":23,"column":17},"end":{"line":330,"column":1}},"3":{"start":{"line":24,"column":36},"end":{"line":24,"column":48}},"4":{"start":{"line":25,"column":32},"end":{"line":25,"column":44}},"5":{"start":{"line":26,"column":36},"end":{"line":26,"column":53}},"6":{"start":{"line":27,"column":28},"end":{"line":27,"column":46}},"7":{"start":{"line":28,"column":40},"end":{"line":28,"column":57}},"8":{"start":{"line":29,"column":34},"end":{"line":29,"column":46}},"9":{"start":{"line":31,"column":2},"end":{"line":175,"column":9}},"10":{"start":{"line":33,"column":31},"end":{"line":33,"column":76}},"11":{"start":{"line":34,"column":4},"end":{"line":174,"column":5}},"12":{"start":{"line":36,"column":26},"end":{"line":36,"column":66}},"13":{"start":{"line":36,"column":55},"end":{"line":36,"column":65}},"14":{"start":{"line":37,"column":6},"end":{"line":49,"column":7}},"15":{"start":{"line":38,"column":8},"end":{"line":47,"column":11}},"16":{"start":{"line":48,"column":8},"end":{"line":48,"column":78}},"17":{"start":{"line":50,"column":6},"end":{"line":50,"column":39}},"18":{"start":{"line":52,"column":6},"end":{"line":173,"column":9}},"19":{"start":{"line":177,"column":27},"end":{"line":204,"column":3}},"20":{"start":{"line":178,"column":4},"end":{"line":203,"column":7}},"21":{"start":{"line":179,"column":21},"end":{"line":179,"column":57}},"22":{"start":{"line":179,"column":36},"end":{"line":179,"column":56}},"23":{"start":{"line":181,"column":6},"end":{"line":200,"column":7}},"24":{"start":{"line":182,"column":8},"end":{"line":186,"column":10}},"25":{"start":{"line":183,"column":10},"end":{"line":185,"column":15}},"26":{"start":{"line":189,"column":8},"end":{"line":199,"column":11}},"27":{"start":{"line":201,"column":6},"end":{"line":201,"column":68}},"28":{"start":{"line":202,"column":6},"end":{"line":202,"column":26}},"29":{"start":{"line":206,"column":2},"end":{"line":208,"column":16}},"30":{"start":{"line":211,"column":27},"end":{"line":245,"column":3}},"31":{"start":{"line":212,"column":20},"end":{"line":212,"column":34}},"32":{"start":{"line":213,"column":4},"end":{"line":215,"column":5}},"33":{"start":{"line":214,"column":6},"end":{"line":214,"column":67}},"34":{"start":{"line":214,"column":40},"end":{"line":214,"column":65}},"35":{"start":{"line":216,"column":4},"end":{"line":218,"column":5}},"36":{"start":{"line":217,"column":6},"end":{"line":217,"column":53}},"37":{"start":{"line":217,"column":40},"end":{"line":217,"column":51}},"38":{"start":{"line":219,"column":4},"end":{"line":227,"column":5}},"39":{"start":{"line":220,"column":16},"end":{"line":220,"column":38}},"40":{"start":{"line":221,"column":6},"end":{"line":226,"column":8}},"41":{"start":{"line":222,"column":8},"end":{"line":225,"column":64}},"42":{"start":{"line":228,"column":4},"end":{"line":243,"column":5}},"43":{"start":{"line":230,"column":8},"end":{"line":230,"column":67}},"44":{"start":{"line":230,"column":33},"end":{"line":230,"column":65}},"45":{"start":{"line":231,"column":8},"end":{"line":231,"column":14}},"46":{"start":{"line":233,"column":8},"end":{"line":233,"column":54}},"47":{"start":{"line":233,"column":33},"end":{"line":233,"column":52}},"48":{"start":{"line":234,"column":8},"end":{"line":234,"column":14}},"49":{"start":{"line":236,"column":8},"end":{"line":236,"column":54}},"50":{"start":{"line":236,"column":33},"end":{"line":236,"column":52}},"51":{"start":{"line":237,"column":8},"end":{"line":237,"column":14}},"52":{"start":{"line":239,"column":8},"end":{"line":239,"column":52}},"53":{"start":{"line":239,"column":33},"end":{"line":239,"column":50}},"54":{"start":{"line":240,"column":8},"end":{"line":240,"column":14}},"55":{"start":{"line":242,"column":8},"end":{"line":242,"column":14}},"56":{"start":{"line":244,"column":4},"end":{"line":244,"column":21}},"57":{"start":{"line":247,"column":28},"end":{"line":247,"column":46}},"58":{"start":{"line":249,"column":2},"end":{"line":329,"column":4}},"59":{"start":{"line":257,"column":77},"end":{"line":257,"column":105}},"60":{"start":{"line":259,"column":16},"end":{"line":259,"column":78}},"61":{"start":{"line":265,"column":73},"end":{"line":265,"column":97}},"62":{"start":{"line":267,"column":16},"end":{"line":267,"column":78}},"63":{"start":{"line":273,"column":79},"end":{"line":273,"column":109}},"64":{"start":{"line":280,"column":122},"end":{"line":280,"column":149}},"65":{"start":{"line":295,"column":12},"end":{"line":324,"column":18}},"66":{"start":{"line":304,"column":34},"end":{"line":304,"column":71}},"67":{"start":{"line":317,"column":37},"end":{"line":317,"column":59}}},"fnMap":{"0":{"name":"(anonymous_0)","decl":{"start":{"line":23,"column":17},"end":{"line":23,"column":18}},"loc":{"start":{"line":23,"column":23},"end":{"line":330,"column":1}},"line":23},"1":{"name":"(anonymous_1)","decl":{"start":{"line":31,"column":12},"end":{"line":31,"column":13}},"loc":{"start":{"line":31,"column":18},"end":{"line":175,"column":3}},"line":31},"2":{"name":"(anonymous_2)","decl":{"start":{"line":36,"column":50},"end":{"line":36,"column":51}},"loc":{"start":{"line":36,"column":55},"end":{"line":36,"column":65}},"line":36},"3":{"name":"(anonymous_3)","decl":{"start":{"line":177,"column":27},"end":{"line":177,"column":28}},"loc":{"start":{"line":177,"column":41},"end":{"line":204,"column":3}},"line":177},"4":{"name":"(anonymous_4)","decl":{"start":{"line":178,"column":15},"end":{"line":178,"column":16}},"loc":{"start":{"line":178,"column":23},"end":{"line":203,"column":5}},"line":178},"5":{"name":"(anonymous_5)","decl":{"start":{"line":179,"column":31},"end":{"line":179,"column":32}},"loc":{"start":{"line":179,"column":36},"end":{"line":179,"column":56}},"line":179},"6":{"name":"(anonymous_6)","decl":{"start":{"line":182,"column":32},"end":{"line":182,"column":33}},"loc":{"start":{"line":183,"column":10},"end":{"line":185,"column":15}},"line":183},"7":{"name":"(anonymous_7)","decl":{"start":{"line":206,"column":12},"end":{"line":206,"column":13}},"loc":{"start":{"line":206,"column":18},"end":{"line":208,"column":3}},"line":206},"8":{"name":"(anonymous_8)","decl":{"start":{"line":211,"column":27},"end":{"line":211,"column":28}},"loc":{"start":{"line":211,"column":33},"end":{"line":245,"column":3}},"line":211},"9":{"name":"(anonymous_9)","decl":{"start":{"line":214,"column":35},"end":{"line":214,"column":36}},"loc":{"start":{"line":214,"column":40},"end":{"line":214,"column":65}},"line":214},"10":{"name":"(anonymous_10)","decl":{"start":{"line":217,"column":35},"end":{"line":217,"column":36}},"loc":{"start":{"line":217,"column":40},"end":{"line":217,"column":51}},"line":217},"11":{"name":"(anonymous_11)","decl":{"start":{"line":221,"column":35},"end":{"line":221,"column":36}},"loc":{"start":{"line":222,"column":8},"end":{"line":225,"column":64}},"line":222},"12":{"name":"(anonymous_12)","decl":{"start":{"line":230,"column":23},"end":{"line":230,"column":24}},"loc":{"start":{"line":230,"column":33},"end":{"line":230,"column":65}},"line":230},"13":{"name":"(anonymous_13)","decl":{"start":{"line":233,"column":23},"end":{"line":233,"column":24}},"loc":{"start":{"line":233,"column":33},"end":{"line":233,"column":52}},"line":233},"14":{"name":"(anonymous_14)","decl":{"start":{"line":236,"column":23},"end":{"line":236,"column":24}},"loc":{"start":{"line":236,"column":33},"end":{"line":236,"column":52}},"line":236},"15":{"name":"(anonymous_15)","decl":{"start":{"line":239,"column":23},"end":{"line":239,"column":24}},"loc":{"start":{"line":239,"column":33},"end":{"line":239,"column":50}},"line":239},"16":{"name":"(anonymous_16)","decl":{"start":{"line":257,"column":72},"end":{"line":257,"column":73}},"loc":{"start":{"line":257,"column":77},"end":{"line":257,"column":105}},"line":257},"17":{"name":"(anonymous_17)","decl":{"start":{"line":258,"column":30},"end":{"line":258,"column":31}},"loc":{"start":{"line":259,"column":16},"end":{"line":259,"column":78}},"line":259},"18":{"name":"(anonymous_18)","decl":{"start":{"line":265,"column":68},"end":{"line":265,"column":69}},"loc":{"start":{"line":265,"column":73},"end":{"line":265,"column":97}},"line":265},"19":{"name":"(anonymous_19)","decl":{"start":{"line":266,"column":27},"end":{"line":266,"column":28}},"loc":{"start":{"line":267,"column":16},"end":{"line":267,"column":78}},"line":267},"20":{"name":"(anonymous_20)","decl":{"start":{"line":273,"column":74},"end":{"line":273,"column":75}},"loc":{"start":{"line":273,"column":79},"end":{"line":273,"column":109}},"line":273},"21":{"name":"(anonymous_21)","decl":{"start":{"line":280,"column":117},"end":{"line":280,"column":118}},"loc":{"start":{"line":280,"column":122},"end":{"line":280,"column":149}},"line":280},"22":{"name":"(anonymous_22)","decl":{"start":{"line":294,"column":32},"end":{"line":294,"column":33}},"loc":{"start":{"line":295,"column":12},"end":{"line":324,"column":18}},"line":295},"23":{"name":"(anonymous_23)","decl":{"start":{"line":304,"column":27},"end":{"line":304,"column":28}},"loc":{"start":{"line":304,"column":32},"end":{"line":304,"column":73}},"line":304},"24":{"name":"(anonymous_24)","decl":{"start":{"line":317,"column":31},"end":{"line":317,"column":32}},"loc":{"start":{"line":317,"column":37},"end":{"line":317,"column":59}},"line":317}},"branchMap":{"0":{"loc":{"start":{"line":34,"column":4},"end":{"line":174,"column":5}},"type":"if","locations":[{"start":{"line":34,"column":4},"end":{"line":174,"column":5}},{"start":{"line":51,"column":11},"end":{"line":174,"column":5}}],"line":34},"1":{"loc":{"start":{"line":34,"column":8},"end":{"line":34,"column":59}},"type":"binary-expr","locations":[{"start":{"line":34,"column":8},"end":{"line":34,"column":26}},{"start":{"line":34,"column":30},"end":{"line":34,"column":59}}],"line":34},"2":{"loc":{"start":{"line":37,"column":6},"end":{"line":49,"column":7}},"type":"if","locations":[{"start":{"line":37,"column":6},"end":{"line":49,"column":7}},{"start":{},"end":{}}],"line":37},"3":{"loc":{"start":{"line":181,"column":6},"end":{"line":200,"column":7}},"type":"if","locations":[{"start":{"line":181,"column":6},"end":{"line":200,"column":7}},{"start":{"line":187,"column":13},"end":{"line":200,"column":7}}],"line":181},"4":{"loc":{"start":{"line":183,"column":10},"end":{"line":185,"column":15}},"type":"cond-expr","locations":[{"start":{"line":184,"column":14},"end":{"line":184,"column":48}},{"start":{"line":185,"column":14},"end":{"line":185,"column":15}}],"line":183},"5":{"loc":{"start":{"line":213,"column":4},"end":{"line":215,"column":5}},"type":"if","locations":[{"start":{"line":213,"column":4},"end":{"line":215,"column":5}},{"start":{},"end":{}}],"line":213},"6":{"loc":{"start":{"line":216,"column":4},"end":{"line":218,"column":5}},"type":"if","locations":[{"start":{"line":216,"column":4},"end":{"line":218,"column":5}},{"start":{},"end":{}}],"line":216},"7":{"loc":{"start":{"line":219,"column":4},"end":{"line":227,"column":5}},"type":"if","locations":[{"start":{"line":219,"column":4},"end":{"line":227,"column":5}},{"start":{},"end":{}}],"line":219},"8":{"loc":{"start":{"line":222,"column":8},"end":{"line":225,"column":64}},"type":"binary-expr","locations":[{"start":{"line":222,"column":8},"end":{"line":222,"column":42}},{"start":{"line":223,"column":8},"end":{"line":223,"column":47}},{"start":{"line":224,"column":8},"end":{"line":224,"column":45}},{"start":{"line":225,"column":9},"end":{"line":225,"column":21}},{"start":{"line":225,"column":25},"end":{"line":225,"column":63}}],"line":222},"9":{"loc":{"start":{"line":228,"column":4},"end":{"line":243,"column":5}},"type":"switch","locations":[{"start":{"line":229,"column":6},"end":{"line":231,"column":14}},{"start":{"line":232,"column":6},"end":{"line":234,"column":14}},{"start":{"line":235,"column":6},"end":{"line":237,"column":14}},{"start":{"line":238,"column":6},"end":{"line":240,"column":14}},{"start":{"line":241,"column":6},"end":{"line":242,"column":14}}],"line":228},"10":{"loc":{"start":{"line":286,"column":9},"end":{"line":326,"column":9}},"type":"cond-expr","locations":[{"start":{"line":287,"column":10},"end":{"line":292,"column":16}},{"start":{"line":294,"column":10},"end":{"line":325,"column":12}}],"line":286},"11":{"loc":{"start":{"line":297,"column":17},"end":{"line":297,"column":131}},"type":"binary-expr","locations":[{"start":{"line":297,"column":17},"end":{"line":297,"column":33}},{"start":{"line":297,"column":37},"end":{"line":297,"column":131}}],"line":297},"12":{"loc":{"start":{"line":298,"column":17},"end":{"line":298,"column":168}},"type":"binary-expr","locations":[{"start":{"line":298,"column":17},"end":{"line":298,"column":32}},{"start":{"line":298,"column":36},"end":{"line":298,"column":50}},{"start":{"line":298,"column":54},"end":{"line":298,"column":168}}],"line":298},"13":{"loc":{"start":{"line":300,"column":23},"end":{"line":300,"column":144}},"type":"cond-expr","locations":[{"start":{"line":300,"column":38},"end":{"line":300,"column":119}},{"start":{"line":300,"column":123},"end":{"line":300,"column":144}}],"line":300},"14":{"loc":{"start":{"line":300,"column":38},"end":{"line":300,"column":119}},"type":"cond-expr","locations":[{"start":{"line":300,"column":71},"end":{"line":300,"column":82}},{"start":{"line":300,"column":85},"end":{"line":300,"column":119}}],"line":300},"15":{"loc":{"start":{"line":310,"column":63},"end":{"line":310,"column":105}},"type":"binary-expr","locations":[{"start":{"line":310,"column":63},"end":{"line":310,"column":78}},{"start":{"line":310,"column":82},"end":{"line":310,"column":105}}],"line":310}},"s":{"0":1,"1":1,"2":1,"3":5,"4":5,"5":5,"6":5,"7":5,"8":5,"9":5,"10":2,"11":2,"12":1,"13":1,"14":1,"15":0,"16":0,"17":1,"18":1,"19":5,"20":0,"21":0,"22":0,"23":0,"24":0,"25":0,"26":0,"27":0,"28":0,"29":5,"30":5,"31":5,"32":5,"33":0,"34":0,"35":5,"36":0,"37":0,"38":5,"39":1,"40":1,"41":12,"42":5,"43":5,"44":30,"45":5,"46":0,"47":0,"48":0,"49":0,"50":0,"51":0,"52":0,"53":0,"54":0,"55":0,"56":5,"57":5,"58":5,"59":0,"60":50,"61":0,"62":20,"63":0,"64":1,"65":13,"66":0,"67":0},"f":{"0":5,"1":2,"2":1,"3":0,"4":0,"5":0,"6":0,"7":2,"8":5,"9":0,"10":0,"11":12,"12":30,"13":0,"14":0,"15":0,"16":0,"17":50,"18":0,"19":20,"20":0,"21":1,"22":13,"23":0,"24":0},"b":{"0":[1,1],"1":[2,2],"2":[0,1],"3":[0,0],"4":[0,0],"5":[0,5],"6":[0,5],"7":[1,4],"8":[12,12,12,12,12],"9":[5,0,0,0,0],"10":[3,2],"11":[13,1],"12":[13,2,1],"13":[13,0],"14":[1,12],"15":[13,0]},"_coverageSchema":"1a1c01bbd47fc00a2c39e90264f33305004495a9","hash":"79a93e8276cbdebfe22aaf74a574faa1b0314455"}
}
