TN:
SF:src\pages\admin\Tiendas.jsx
FN:1,(anonymous_0)
FN:7,readStores
FN:16,writeStores
FN:21,Tiendas
FN:22,(anonymous_4)
FN:26,(anonymous_5)
FN:27,onUpdate
FN:31,(anonymous_7)
FN:34,addStore
FN:45,removeStore
FN:46,(anonymous_10)
FN:83,(anonymous_11)
FN:93,(anonymous_12)
FN:104,(anonymous_13)
FN:130,(anonymous_14)
FN:147,(anonymous_15)
FNF:16
FNH:15
FNDA:1,(anonymous_0)
FNDA:5,readStores
FNDA:2,writeStores
FNDA:7,Tiendas
FNDA:3,(anonymous_4)
FNDA:3,(anonymous_5)
FNDA:2,onUpdate
FNDA:3,(anonymous_7)
FNDA:1,addStore
FNDA:1,removeStore
FNDA:1,(anonymous_10)
FNDA:1,(anonymous_11)
FNDA:1,(anonymous_12)
FNDA:0,(anonymous_13)
FNDA:2,(anonymous_14)
FNDA:1,(anonymous_15)
DA:1,1
DA:5,1
DA:8,5
DA:9,5
DA:10,5
DA:12,0
DA:17,2
DA:18,2
DA:22,7
DA:23,7
DA:24,7
DA:26,7
DA:28,2
DA:30,3
DA:31,3
DA:35,1
DA:36,1
DA:37,1
DA:38,1
DA:39,1
DA:40,1
DA:41,1
DA:42,1
DA:46,1
DA:47,1
DA:48,1
DA:53,7
DA:83,1
DA:93,1
DA:104,0
DA:131,2
DA:148,1
DA:149,1
LF:33
LH:31
BRDA:10,0,0,5
BRDA:10,0,1,0
BRDA:35,1,0,1
BRDA:35,1,1,1
BRDA:36,2,0,0
BRDA:36,2,1,1
BRDA:122,3,0,5
BRDA:122,3,1,2
BRDA:138,4,0,2
BRDA:138,4,1,2
BRDA:148,5,0,1
BRDA:148,5,1,0
BRF:12
BRH:9
end_of_record
TN:
SF:src\pages\cliente\Producto.jsx
FN:23,(anonymous_0)
FN:31,(anonymous_1)
FN:36,(anonymous_2)
FN:177,(anonymous_3)
FN:178,(anonymous_4)
FN:179,(anonymous_5)
FN:182,(anonymous_6)
FN:206,(anonymous_7)
FN:211,(anonymous_8)
FN:214,(anonymous_9)
FN:217,(anonymous_10)
FN:221,(anonymous_11)
FN:230,(anonymous_12)
FN:233,(anonymous_13)
FN:236,(anonymous_14)
FN:239,(anonymous_15)
FN:257,(anonymous_16)
FN:258,(anonymous_17)
FN:265,(anonymous_18)
FN:266,(anonymous_19)
FN:273,(anonymous_20)
FN:280,(anonymous_21)
FN:294,(anonymous_22)
FN:304,(anonymous_23)
FN:317,(anonymous_24)
FNF:25
FNH:11
FNDA:5,(anonymous_0)
FNDA:2,(anonymous_1)
FNDA:1,(anonymous_2)
FNDA:0,(anonymous_3)
FNDA:0,(anonymous_4)
FNDA:0,(anonymous_5)
FNDA:0,(anonymous_6)
FNDA:2,(anonymous_7)
FNDA:5,(anonymous_8)
FNDA:0,(anonymous_9)
FNDA:0,(anonymous_10)
FNDA:12,(anonymous_11)
FNDA:30,(anonymous_12)
FNDA:0,(anonymous_13)
FNDA:0,(anonymous_14)
FNDA:0,(anonymous_15)
FNDA:0,(anonymous_16)
FNDA:50,(anonymous_17)
FNDA:0,(anonymous_18)
FNDA:20,(anonymous_19)
FNDA:0,(anonymous_20)
FNDA:1,(anonymous_21)
FNDA:13,(anonymous_22)
FNDA:0,(anonymous_23)
FNDA:0,(anonymous_24)
DA:3,1
DA:16,1
DA:23,1
DA:24,5
DA:25,5
DA:26,5
DA:27,5
DA:28,5
DA:29,5
DA:31,5
DA:33,2
DA:34,2
DA:36,1
DA:37,1
DA:38,0
DA:48,0
DA:50,1
DA:52,1
DA:177,5
DA:178,0
DA:179,0
DA:181,0
DA:182,0
DA:183,0
DA:189,0
DA:201,0
DA:202,0
DA:206,5
DA:211,5
DA:212,5
DA:213,5
DA:214,0
DA:216,5
DA:217,0
DA:219,5
DA:220,1
DA:221,1
DA:222,12
DA:228,5
DA:230,30
DA:231,5
DA:233,0
DA:234,0
DA:236,0
DA:237,0
DA:239,0
DA:240,0
DA:242,0
DA:244,5
DA:247,5
DA:249,5
DA:257,0
DA:259,50
DA:265,0
DA:267,20
DA:273,0
DA:280,1
DA:295,13
DA:304,0
DA:317,0
LF:60
LH:36
BRDA:34,0,0,1
BRDA:34,0,1,1
BRDA:34,1,0,2
BRDA:34,1,1,2
BRDA:37,2,0,0
BRDA:37,2,1,1
BRDA:181,3,0,0
BRDA:181,3,1,0
BRDA:183,4,0,0
BRDA:183,4,1,0
BRDA:213,5,0,0
BRDA:213,5,1,5
BRDA:216,6,0,0
BRDA:216,6,1,5
BRDA:219,7,0,1
BRDA:219,7,1,4
BRDA:222,8,0,12
BRDA:222,8,1,12
BRDA:222,8,2,12
BRDA:222,8,3,12
BRDA:222,8,4,12
BRDA:228,9,0,5
BRDA:228,9,1,0
BRDA:228,9,2,0
BRDA:228,9,3,0
BRDA:228,9,4,0
BRDA:286,10,0,3
BRDA:286,10,1,2
BRDA:297,11,0,13
BRDA:297,11,1,1
BRDA:298,12,0,13
BRDA:298,12,1,2
BRDA:298,12,2,1
BRDA:300,13,0,13
BRDA:300,13,1,0
BRDA:300,14,0,1
BRDA:300,14,1,12
BRDA:310,15,0,13
BRDA:310,15,1,0
BRF:39
BRH:26
end_of_record
